BarryDemo_MultiLanguage/build/outputs/logs/manifest-merger-debug-report.txt
-- Merging decision tree log ---
manifest
ADDED from SunnyDemo1\BarryDemo_MultiLanguage\AndroidManifest.xml:2:1-28:12
	package
		ADDED from SunnyDemo1\BarryDemo_MultiLanguage\AndroidManifest.xml:3:5-39
	android:versionName
		ADDED from SunnyDemo1\BarryDemo_MultiLanguage\AndroidManifest.xml:5:5-30
	android:versionCode
		ADDED from SunnyDemo1\BarryDemo_MultiLanguage\AndroidManifest.xml:4:5-28
		INJECTED from SunnyDemo1\BarryDemo_MultiLanguage\AndroidManifest.xml
		INJECTED from SunnyDemo1\BarryDemo_MultiLanguage\AndroidManifest.xml
	xmlns:android
		ADDED from SunnyDemo1\BarryDemo_MultiLanguage\AndroidManifest.xml:2:11-69
uses-sdk
ADDED from SunnyDemo1\BarryDemo_MultiLanguage\AndroidManifest.xml:7:5-9:37
MERGED from [com.android.support:support-v4:21.0.2] AndroidManifest.xml:15:5-42
MERGED from [com.android.support:appcompat-v7:18.0.0] AndroidManifest.xml:18:5-42
MERGED from [com.android.support:support-v4:21.0.2] AndroidManifest.xml:15:5-42
	android:maxSdkVersion
		ADDED from SunnyDemo1\BarryDemo_MultiLanguage\AndroidManifest.xml:9:9-35
	android:minSdkVersion
		ADDED from SunnyDemo1\BarryDemo_MultiLanguage\AndroidManifest.xml:8:9-35
application
ADDED from SunnyDemo1\BarryDemo_MultiLanguage\AndroidManifest.xml:12:5-26:19
MERGED from [com.android.support:support-v4:21.0.2] AndroidManifest.xml:16:5-19
MERGED from [com.android.support:appcompat-v7:18.0.0] AndroidManifest.xml:19:5-20
MERGED from [com.android.support:support-v4:21.0.2] AndroidManifest.xml:16:5-19
	android:label
		ADDED from SunnyDemo1\BarryDemo_MultiLanguage\AndroidManifest.xml:15:9-41
	android:allowBackup
		ADDED from SunnyDemo1\BarryDemo_MultiLanguage\AndroidManifest.xml:13:9-35
	android:icon
		ADDED from SunnyDemo1\BarryDemo_MultiLanguage\AndroidManifest.xml:14:9-45
	android:theme
		ADDED from SunnyDemo1\BarryDemo_MultiLanguage\AndroidManifest.xml:16:9-40
activity#barry.demo.multilanguage.MainActivity
ADDED from SunnyDemo1\BarryDemo_MultiLanguage\AndroidManifest.xml:17:9-25:20
	android:label
		ADDED from SunnyDemo1\BarryDemo_MultiLanguage\AndroidManifest.xml:19:13-45
	android:name
		ADDED from SunnyDemo1\BarryDemo_MultiLanguage\AndroidManifest.xml:18:13-65
intent-filter#android.intent.action.MAIN+android.intent.category.LAUNCHER
ADDED from SunnyDemo1\BarryDemo_MultiLanguage\AndroidManifest.xml:20:13-24:29
action#android.intent.action.MAIN
ADDED from SunnyDemo1\BarryDemo_MultiLanguage\AndroidManifest.xml:21:17-69
	android:name
		ADDED from SunnyDemo1\BarryDemo_MultiLanguage\AndroidManifest.xml:21:25-66
category#android.intent.category.LAUNCHER
ADDED from SunnyDemo1\BarryDemo_MultiLanguage\AndroidManifest.xml:23:17-77
	android:name
		ADDED from SunnyDemo1\BarryDemo_MultiLanguage\AndroidManifest.xml:23:27-74